
	            G L O B A L   R E F E R E N C E S

	             Name               Value        Type
	==============================|=======|===============
	CR                               000A         CONSTANT
	FIM_TEXTO                        0040         CONSTANT
	IO_READ                          FFFF         CONSTANT
	IO_WRITE                         FFFE         CONSTANT
	IO_STATUS                        FFFD         CONSTANT
	INITIAL_SP                       FDFF         CONSTANT
	CURSOR                           FFFC         CONSTANT
	CURSOR_INIT                      FFFF         CONSTANT
	TIMER_INTERVAL                   FFF6         CONSTANT
	TIMER_CONTROL                    FFF7         CONSTANT
	INTERRUPT_MASK                   FFFA         CONSTANT
	ROW_POSITION                     0000         CONSTANT
	COL_POSITION                     0000         CONSTANT
	ROW_SHIFT                        0008         CONSTANT
	COLUMN_SHIFT                     0008         CONSTANT
	RAM_POSITION                     8000         CONSTANT
	LINE_MEMORY                      0051         CONSTANT
	LOWEST_ENEMY_LINE                0015         CONSTANT
	Line00                           8000           STRING
	Line01                           8051           STRING
	Line02                           80A2           STRING
	Line03                           80F3           STRING
	Line04                           8144           STRING
	Line05                           8195           STRING
	Line06                           81E6           STRING
	Line07                           8237           STRING
	Line08                           8288           STRING
	Line09                           82D9           STRING
	Line10                           832A           STRING
	Line11                           837B           STRING
	Line12                           83CC           STRING
	Line13                           841D           STRING
	Line14                           846E           STRING
	Line15                           84BF           STRING
	Line16                           8510           STRING
	Line17                           8561           STRING
	Line18                           85B2           STRING
	Line19                           8603           STRING
	Line20                           8654           STRING
	Line21                           86A5           STRING
	Line22                           86F6           STRING
	Line23                           8747           STRING
	EnemyLine                        8798           STRING
	EmptyLine                        87E9           STRING
	Bullet                           883A           STRING
	Enemy                            883B           STRING
	GameEnded                        883E         VARIABLE
	YouWin                           883F           STRING
	GameOver                         8847           STRING
	ScreenCentenaPointsPosition      8851         VARIABLE
	ScreenDezenaPointsPosition       8852         VARIABLE
	PointsDezena                     8853         VARIABLE
	PointsCentena                    8854         VARIABLE
	ScreenLivesPosition              8855         VARIABLE
	LivesCounter                     8856         VARIABLE
	LivesAmount                      8857         VARIABLE
	ShipLine                         8858         VARIABLE
	ShipColumn                       8859         VARIABLE
	ShipBulletExists                 885A         VARIABLE
	ShipBulletLine                   885B         VARIABLE
	ShipBulletPosition               885C         VARIABLE
	MapColumnLeftBorder              885D         VARIABLE
	MapColumnRightBorder             885E         VARIABLE
	EnemyUpperLine                   885F         VARIABLE
	EnemyLowerLine                   8860         VARIABLE
	EnemyDirectionFlag               8861         VARIABLE
	EnemyDefeated                    8862         VARIABLE
	EnemyMoveCounter                 8863         VARIABLE
	DamageDealt                      8864         VARIABLE
	RowIndex                         8865         VARIABLE
	ColumnIndex                      8866         VARIABLE
	TextIndex                        8867         VARIABLE
	INT0                             FE00         VARIABLE
	INT1                             FE01         VARIABLE
	INT2                             FE02         VARIABLE
	INT3                             FE03         VARIABLE
	INT4                             FE04         VARIABLE
	INT5                             FE05         VARIABLE
	INT6                             FE06         VARIABLE
	INT7                             FE07         VARIABLE
	INT8                             FE08         VARIABLE
	INT9                             FE09         VARIABLE
	INT10                            FE0A         VARIABLE
	INT11                            FE0B         VARIABLE
	INT12                            FE0C         VARIABLE
	INT13                            FE0D         VARIABLE
	INT14                            FE0E         VARIABLE
	INT15                            FE0F         VARIABLE
	Esqueleto                        0002            LABEL
	PrintString                      0009            LABEL
	CyclePrintString                 0015            LABEL
	EndPrintString                   0026            LABEL
	PrintScreen                      0030            LABEL
	PrintScreenCycle                 0033            LABEL
	EndPrintScreen                   003C            LABEL
	AlterMemory                      003E            LABEL
	PrintShip                        0055            LABEL
	MoveLeft                         0072            LABEL
	EndMoveLeft                      008F            LABEL
	MoveRight                        0092            LABEL
	EndMoveRight                     00AF            LABEL
	EraseEnemy                       00B2            LABEL
	EraseEnemyLoop                   00B9            LABEL
	EnemyEraseEnd                    00C2            LABEL
	EraseEnemyHandler                00C6            LABEL
	EndFirstEnemyPosition            00D1            LABEL
	EndSecondEnemyPosition           00DA            LABEL
	EndEraseEnemy                    00E0            LABEL
	IncreasePoints                   00E3            LABEL
	IncreaseCentena                  00ED            LABEL
	PrintDezena                      00FA            LABEL
	MoveBulletUp                     0108            LABEL
	EndCellingCollision              0124            LABEL
	EndEnemyInsideBulletCollision    013A            LABEL
	EndEnemyMoveCondition            014C            LABEL
	EraseBullet                      014F            LABEL
	EndEraseBullet                   0169            LABEL
	EndMoveBulletUp                  016D            LABEL
	StartShipBullet                  0173            LABEL
	EndStartShipBullet               0198            LABEL
	PrintEnemyLine                   019C            LABEL
	CopyEnemyMemoryLoop              01A8            LABEL
	EndCopyEnemyMemory               01B3            LABEL
	PrintEmptyLine                   01BA            LABEL
	CopyEmptyMemoryLoop              01C6            LABEL
	EndCopyEmptyMemory               01D1            LABEL
	DecreaseLives                    01D8            LABEL
	ResetPoints                      01E9            LABEL
	EnemyDamageHandler               0204            LABEL
	StartPrintEnemyLoop              020A            LABEL
	StartCleanMapLoop                0213            LABEL
	EndEnemyDamageHandler            021C            LABEL
	MoveEnemyRight                   0231            LABEL
	LoopMoveEnemyRight               024C            LABEL
	LoopMoveEnemyRightLine           0251            LABEL
	MoveEnemyRightStart              0266            LABEL
	ContinueMoveRight                0274            LABEL
	DoNotMoveBulletRight             0278            LABEL
	EndMoveEnemyRight                027C            LABEL
	MoveEnemyLeft                    0282            LABEL
	LoopMoveEnemyLeft                029C            LABEL
	LoopMoveEnemyLeftLine            02A1            LABEL
	MoveEnemyLeftStart               02B6            LABEL
	ContinueMoveLeft                 02C4            LABEL
	DoNotMoveBulletLeft              02C8            LABEL
	EndMoveEnemyLeft                 02CC            LABEL
	CheckEnemyDamage                 02D2            LABEL
	LoopEnemyDamageCheck             02D7            LABEL
	EndEnemyDamageCheck              02E1            LABEL
	EndEnemyDamageCheckLoop          02E4            LABEL
	SkipDamage                       02F0            LABEL
	EndDamageCheck                   02F2            LABEL
	MoveEnemyDown                    02F6            LABEL
	LoopMoveEnemyDown                0319            LABEL
	LoopMoveEnemyDownLine            031E            LABEL
	MoveEnemyDownStart               032D            LABEL
	ContinueMoveDown                 0345            LABEL
	DoNotMoveBulletDown              0349            LABEL
	EndMoveEnemyDown                 034D            LABEL
	EndMoveEnemyDownNoAction         0357            LABEL
	ClearScreen                      0362            LABEL
	StartCleanScreenLoop             0365            LABEL
	EndClearScreen                   036E            LABEL
	GameLoss                         0370            LABEL
	StarMoveGameOver                 0383            LABEL
	EndMoveGameOver                  038C            LABEL
	GameWon                          0399            LABEL
	StarMoveGameWon                  03AC            LABEL
	EndMoveGameWon                   03B5            LABEL
	StartTimer                       03C2            LABEL
	TimerRoutine                     03CD            LABEL
	MoveRightFlagActivation          03F3            LABEL
	EndMovement                      03F5            LABEL
	EndMove                          03F9            LABEL
	EndTimer                         03FF            LABEL
	Main                             0402            LABEL
	Cycle                            040E            LABEL
	Halt                             040F            LABEL
