
	            G L O B A L   R E F E R E N C E S

	             Name               Value        Type
	==============================|=======|===============
	CR                               000A         CONSTANT
	FIM_TEXTO                        0040         CONSTANT
	IO_READ                          FFFF         CONSTANT
	IO_WRITE                         FFFE         CONSTANT
	IO_STATUS                        FFFD         CONSTANT
	INITIAL_SP                       FDFF         CONSTANT
	CURSOR                           FFFC         CONSTANT
	CURSOR_INIT                      FFFF         CONSTANT
	TIMER_INTERVAL                   FFF6         CONSTANT
	TIMER_CONTROL                    FFF7         CONSTANT
	INTERRUPT_MASK                   FFFA         CONSTANT
	ROW_POSITION                     0000         CONSTANT
	COL_POSITION                     0000         CONSTANT
	ROW_SHIFT                        0008         CONSTANT
	COLUMN_SHIFT                     0008         CONSTANT
	RAM_POSITION                     8000         CONSTANT
	LINE_MEMMORY                     0051         CONSTANT
	Line00                           8000           STRING
	Line01                           8051           STRING
	Line02                           80A2           STRING
	Line03                           80F3           STRING
	Line04                           8144           STRING
	Line05                           8195           STRING
	Line06                           81E6           STRING
	Line07                           8237           STRING
	Line08                           8288           STRING
	Line09                           82D9           STRING
	Line10                           832A           STRING
	Line11                           837B           STRING
	Line12                           83CC           STRING
	Line13                           841D           STRING
	Line14                           846E           STRING
	Line15                           84BF           STRING
	Line16                           8510           STRING
	Line17                           8561           STRING
	Line18                           85B2           STRING
	Line19                           8603           STRING
	Line20                           8654           STRING
	Line21                           86A5           STRING
	Line22                           86F6           STRING
	Line23                           8747           STRING
	Bullet                           8798           STRING
	Enemy                            8799           STRING
	ScreenCentenaPointsPosition      879C         VARIABLE
	ScreenDezenaPointsPosition       879D         VARIABLE
	PointsDezena                     879E         VARIABLE
	PointsCentena                    879F         VARIABLE
	ShipLine                         87A0         VARIABLE
	ShipColumn                       87A1         VARIABLE
	ShipBulletExists                 87A2         VARIABLE
	ShipBulletPosition               87A3         VARIABLE
	MapColumnLeftBorder              87A4         VARIABLE
	MapColumnRightBorder             87A5         VARIABLE
	RowIndex                         87A6         VARIABLE
	ColumnIndex                      87A7         VARIABLE
	TextIndex                        87A8         VARIABLE
	INT0                             FE00         VARIABLE
	INT1                             FE01         VARIABLE
	INT2                             FE02         VARIABLE
	INT3                             FE03         VARIABLE
	INT4                             FE04         VARIABLE
	INT5                             FE05         VARIABLE
	INT6                             FE06         VARIABLE
	INT7                             FE07         VARIABLE
	INT8                             FE08         VARIABLE
	INT9                             FE09         VARIABLE
	INT10                            FE0A         VARIABLE
	INT11                            FE0B         VARIABLE
	INT12                            FE0C         VARIABLE
	INT13                            FE0D         VARIABLE
	INT14                            FE0E         VARIABLE
	INT15                            FE0F         VARIABLE
	Esqueleto                        0002            LABEL
	PringString                      0009            LABEL
	CyclePrintString                 000C            LABEL
	EndPrintString                   0020            LABEL
	PrintScreen                      0030            LABEL
	PrintScreenCycle                 0036            LABEL
	EndprintScreen                   0041            LABEL
	AlterMemory                      0044            LABEL
	PrintShip                        005B            LABEL
	MoveLeft                         0078            LABEL
	EndMoveLeft                      0095            LABEL
	MoveRight                        0098            LABEL
	EndMoveRight                     00B5            LABEL
	EraseEnemy                       00B8            LABEL
	EraseEnemyLoop                   00C0            LABEL
	EnemyEraseEnd                    00CE            LABEL
	EraseEnemyHandler                00D3            LABEL
	EndFirstEnemyPosition            00DE            LABEL
	EndSecondEnemyPosition           00E8            LABEL
	EndEraseEnemy                    00F0            LABEL
	IncreasePoints                   00F4            LABEL
	IncreaseCentena                  00FE            LABEL
	PrintDezena                      010B            LABEL
	MoveBulletUp                     0117            LABEL
	EndColisionCheck                 014B            LABEL
	BulletInLastRow                  015A            LABEL
	ErasePreviousShipBullet          015E            LABEL
	EndMoveBulletUp                  0164            LABEL
	StartShipBullet                  0169            LABEL
	EndStartShipBullet               017E            LABEL
	StartTimer                       0182            LABEL
	TimerRoutine                     018D            LABEL
	Main                             0198            LABEL
	Cycle                            01A4            LABEL
	Halt                             01A5            LABEL
